# JRE version: OpenJDK Runtime Environment (11.0.6+10) (build 11.0.6+10)
# Java VM: OpenJDK 64-Bit Server VM (11.0.6+10, mixed mode, tiered, compressed oops, g1 gc, bsd-amd64)
Heap:
 garbage-first heap   total 78848K, used 40375K [0x00000007c0000000, 0x0000000800000000)
  region size 1024K, 7 young (7168K), 1 survivors (1024K)
 Metaspace       used 68340K, capacity 70349K, committed 70608K, reserved 1110016K
  class space    used 8891K, capacity 9673K, committed 9728K, reserved 1048576K
GC Heap History (20 events):
Event: 21228.547 GC heap before
{Heap before GC invocations=51 (full 0):
 garbage-first heap   total 78848K, used 40271K [0x00000007c0000000, 0x0000000800000000)
  region size 1024K, 7 young (7168K), 1 survivors (1024K)
 Metaspace       used 68180K, capacity 70218K, committed 70352K, reserved 1110016K
  class space    used 8889K, capacity 9673K, committed 9728K, reserved 1048576K
}
Event: 21228.663 GC heap after
{Heap after GC invocations=52 (full 0):
 garbage-first heap   total 78848K, used 34172K [0x00000007c0000000, 0x0000000800000000)
  region size 1024K, 1 young (1024K), 1 survivors (1024K)
 Metaspace       used 68180K, capacity 70218K, committed 70352K, reserved 1110016K
  class space    used 8889K, capacity 9673K, committed 9728K, reserved 1048576K
}
Event: 21516.206 GC heap before
{Heap before GC invocations=52 (full 0):
 garbage-first heap   total 78848K, used 40316K [0x00000007c0000000, 0x0000000800000000)
  region size 1024K, 7 young (7168K), 1 survivors (1024K)
 Metaspace       used 68189K, capacity 70219K, committed 70352K, reserved 1110016K
  class space    used 8889K, capacity 9673K, committed 9728K, reserved 1048576K
}
Event: 21516.567 GC heap after
{Heap after GC invocations=53 (full 0):
 garbage-first heap   total 78848K, used 34490K [0x00000007c0000000, 0x0000000800000000)
  region size 1024K, 1 young (1024K), 1 survivors (1024K)
 Metaspace       used 68189K, capacity 70219K, committed 70352K, reserved 1110016K
  class space    used 8889K, capacity 9673K, committed 9728K, reserved 1048576K
}
Event: 22011.678 GC heap before
{Heap before GC invocations=53 (full 0):
 garbage-first heap   total 78848K, used 39610K [0x00000007c0000000, 0x0000000800000000)
  region size 1024K, 6 young (6144K), 1 survivors (1024K)
 Metaspace       used 68189K, capacity 70219K, committed 70352K, reserved 1110016K
  class space    used 8889K, capacity 9673K, committed 9728K, reserved 1048576K
}
Event: 22011.834 GC heap after
{Heap after GC invocations=54 (full 0):
 garbage-first heap   total 78848K, used 34407K [0x00000007c0000000, 0x0000000800000000)
  region size 1024K, 1 young (1024K), 1 survivors (1024K)
 Metaspace       used 68189K, capacity 70219K, committed 70352K, reserved 1110016K
  class space    used 8889K, capacity 9673K, committed 9728K, reserved 1048576K
}
Event: 22360.871 GC heap before
{Heap before GC invocations=54 (full 0):
 garbage-first heap   total 78848K, used 39527K [0x00000007c0000000, 0x0000000800000000)
  region size 1024K, 6 young (6144K), 1 survivors (1024K)
 Metaspace       used 68200K, capacity 70219K, committed 70352K, reserved 1110016K
  class space    used 8889K, capacity 9673K, committed 9728K, reserved 1048576K
}
Event: 22361.022 GC heap after
{Heap after GC invocations=55 (full 0):
 garbage-first heap   total 78848K, used 34365K [0x00000007c0000000, 0x0000000800000000)
  region size 1024K, 1 young (1024K), 1 survivors (1024K)
 Metaspace       used 68200K, capacity 70219K, committed 70352K, reserved 1110016K
  class space    used 8889K, capacity 9673K, committed 9728K, reserved 1048576K
}
Event: 22865.734 GC heap before
{Heap before GC invocations=55 (full 0):
 garbage-first heap   total 78848K, used 38461K [0x00000007c0000000, 0x0000000800000000)
  region size 1024K, 6 young (6144K), 1 survivors (1024K)
 Metaspace       used 68207K, capacity 70219K, committed 70352K, reserved 1110016K
  class space    used 8889K, capacity 9673K, committed 9728K, reserved 1048576K
}
Event: 22865.793 GC heap after
{Heap after GC invocations=56 (full 0):
 garbage-first heap   total 78848K, used 34388K [0x00000007c0000000, 0x0000000800000000)
  region size 1024K, 1 young (1024K), 1 survivors (1024K)
 Metaspace       used 68207K, capacity 70219K, committed 70352K, reserved 1110016K
  class space    used 8889K, capacity 9673K, committed 9728K, reserved 1048576K
}
Event: 23168.458 GC heap before
{Heap before GC invocations=56 (full 0):
 garbage-first heap   total 78848K, used 40532K [0x00000007c0000000, 0x0000000800000000)
  region size 1024K, 7 young (7168K), 1 survivors (1024K)
 Metaspace       used 68207K, capacity 70219K, committed 70352K, reserved 1110016K
  class space    used 8889K, capacity 9673K, committed 9728K, reserved 1048576K
}
Event: 23168.496 GC heap after
{Heap after GC invocations=57 (full 0):
 garbage-first heap   total 78848K, used 34633K [0x00000007c0000000, 0x0000000800000000)
  region size 1024K, 1 young (1024K), 1 survivors (1024K)
 Metaspace       used 68207K, capacity 70219K, committed 70352K, reserved 1110016K
  class space    used 8889K, capacity 9673K, committed 9728K, reserved 1048576K
}
Event: 23555.951 GC heap before
{Heap before GC invocations=57 (full 0):
 garbage-first heap   total 78848K, used 41801K [0x00000007c0000000, 0x0000000800000000)
  region size 1024K, 9 young (9216K), 1 survivors (1024K)
 Metaspace       used 68209K, capacity 70219K, committed 70352K, reserved 1110016K
  class space    used 8890K, capacity 9673K, committed 9728K, reserved 1048576K
}
Event: 23556.447 GC heap after
{Heap after GC invocations=58 (full 0):
 garbage-first heap   total 78848K, used 34983K [0x00000007c0000000, 0x0000000800000000)
  region size 1024K, 1 young (1024K), 1 survivors (1024K)
 Metaspace       used 68209K, capacity 70219K, committed 70352K, reserved 1110016K
  class space    used 8890K, capacity 9673K, committed 9728K, reserved 1048576K
}
Event: 23927.194 GC heap before
{Heap before GC invocations=58 (full 0):
 garbage-first heap   total 78848K, used 40103K [0x00000007c0000000, 0x0000000800000000)
  region size 1024K, 6 young (6144K), 1 survivors (1024K)
 Metaspace       used 68210K, capacity 70219K, committed 70352K, reserved 1110016K
  class space    used 8890K, capacity 9673K, committed 9728K, reserved 1048576K
}
Event: 23927.354 GC heap after
{Heap after GC invocations=59 (full 0):
 garbage-first heap   total 78848K, used 34955K [0x00000007c0000000, 0x0000000800000000)
  region size 1024K, 1 young (1024K), 1 survivors (1024K)
 Metaspace       used 68210K, capacity 70219K, committed 70352K, reserved 1110016K
  class space    used 8890K, capacity 9673K, committed 9728K, reserved 1048576K
}
Event: 24349.322 GC heap before
{Heap before GC invocations=59 (full 0):
 garbage-first heap   total 78848K, used 40075K [0x00000007c0000000, 0x0000000800000000)
  region size 1024K, 6 young (6144K), 1 survivors (1024K)
 Metaspace       used 68223K, capacity 70219K, committed 70352K, reserved 1110016K
  class space    used 8890K, capacity 9673K, committed 9728K, reserved 1048576K
}
Event: 24349.462 GC heap after
{Heap after GC invocations=60 (full 0):
 garbage-first heap   total 78848K, used 35013K [0x00000007c0000000, 0x0000000800000000)
  region size 1024K, 1 young (1024K), 1 survivors (1024K)
 Metaspace       used 68223K, capacity 70219K, committed 70352K, reserved 1110016K
  class space    used 8890K, capacity 9673K, committed 9728K, reserved 1048576K
}
Event: 24994.691 GC heap before
{Heap before GC invocations=60 (full 0):
 garbage-first heap   total 78848K, used 40133K [0x00000007c0000000, 0x0000000800000000)
  region size 1024K, 6 young (6144K), 1 survivors (1024K)
 Metaspace       used 68225K, capacity 70219K, committed 70352K, reserved 1110016K
  class space    used 8890K, capacity 9673K, committed 9728K, reserved 1048576K
}
Event: 24994.736 GC heap after
{Heap after GC invocations=61 (full 0):
 garbage-first heap   total 78848K, used 35255K [0x00000007c0000000, 0x0000000800000000)
  region size 1024K, 1 young (1024K), 1 survivors (1024K)
 Metaspace       used 68225K, capacity 70219K, committed 70352K, reserved 1110016K
  class space    used 8890K, capacity 9673K, committed 9728K, reserved 1048576K
}

